#
# There is insufficient memory for the Java Runtime Environment to continue.
# Native memory allocation (mmap) failed to map 14680064 bytes for Failed to commit area from 0x00000000c5d00000 to 0x00000000c6b00000 of length 14680064.
# Possible reasons:
#   The system is out of physical RAM or swap space
#   The process is running with CompressedOops enabled, and the Java Heap may be blocking the growth of the native heap
# Possible solutions:
#   Reduce memory load on the system
#   Increase physical memory or swap space
#   Check if swap backing store is full
#   Decrease Java heap size (-Xmx/-Xms)
#   Decrease number of Java threads
#   Decrease Java thread stack sizes (-Xss)
#   Set larger code cache with -XX:ReservedCodeCacheSize=
#   JVM is running with Unscaled Compressed Oops mode in which the Java heap is
#     placed in the first 4GB address space. The Java Heap base address is the
#     maximum limit for the native heap growth. Please use -XX:HeapBaseMinAddress
#     to set the Java Heap base and to place the Java Heap above 4GB virtual address.
# This output file may be truncated or incomplete.
#
#  Out of Memory Error (./open/src/hotspot/os/windows/os_windows.cpp:3315), pid=1312, tid=8900
#
# JRE version: Java(TM) SE Runtime Environment (14.0.1+7) (build 14.0.1+7)
# Java VM: Java HotSpot(TM) 64-Bit Server VM (14.0.1+7, mixed mode, sharing, tiered, compressed oops, g1 gc, windows-amd64)
# No core dump will be written. Minidumps are not enabled by default on client versions of Windows
#

---------------  S U M M A R Y ------------

Command Line: -javaagent:C:\Program Files\JetBrains\IntelliJ IDEA Educational Edition 2020.1\lib\idea_rt.jar=63204:C:\Program Files\JetBrains\IntelliJ IDEA Educational Edition 2020.1\bin -Dfile.encoding=UTF-8 com.example.focourseN.FocourseNApplication

Host: Intel(R) Core(TM) i3-2350M CPU @ 2.30GHz, 4 cores, 3G,  Windows 8.1 , 64 bit Build 9600 (6.3.9600.17031)
Time: Wed Feb  1 23:40:00 2023 W. Central Africa Standard Time elapsed time: 2708 seconds (0d 0h 45m 8s)

---------------  T H R E A D  ---------------

Current thread (0x000000cd3aff8800):  VMThread "VM Thread" [stack: 0x000000cd3b880000,0x000000cd3b980000] [id=8900]

Stack: [0x000000cd3b880000,0x000000cd3b980000]
[error occurred during error reporting (printing stack bounds), id 0xc0000005, EXCEPTION_ACCESS_VIOLATION (0xc0000005) at pc=0x000000cd271010ad]

Native frames: (J=compiled Java code, j=interpreted, Vv=VM code, C=native code)
V  [jvm.dll+0x5f840a]
V  [jvm.dll+0x741e4a]
V  [jvm.dll+0x7435ff]
V  [jvm.dll+0x743ba5]
V  [jvm.dll+0x743b5b]
V  [jvm.dll+0x5f793f]
V  [jvm.dll+0x5f80a8]
C  [ntdll.dll+0x933fd]
C  [ntdll.dll+0x54847]
C  [ntdll.dll+0x9258a]
C  0x000000cd271010ad

VM_Operation (0x000000cd4464db20): G1CollectForAllocation, mode: safepoint, requested by thread 0x000000cd41a7e800


---------------  P R O C E S S  ---------------

Threads class SMR info:
_java_thread_list=0x000000cd41ae25b0, length=30, elements={
0x000000cd3affa000, 0x000000cd3affb800, 0x000000cd3b012800, 0x000000cd3b016000,
0x000000cd3b018000, 0x000000cd3b01b800, 0x000000cd3b020000, 0x000000cd3b03b000,
0x000000cd3c467800, 0x000000cd3c79e000, 0x000000cd3c97f800, 0x000000cd417e2800,
0x000000cd3e80d800, 0x000000cd40f9e800, 0x000000cd3e93b800, 0x000000cd41a7e800,
0x000000cd41a7d000, 0x000000cd41a7d800, 0x000000cd41a7f800, 0x000000cd41a82000,
0x000000cd41a81000, 0x000000cd41a80000, 0x000000cd41a82800, 0x000000cd41a83800,
0x000000cd41174000, 0x000000cd41173000, 0x000000cd41171800, 0x000000cd41174800,
0x000000cd41172800, 0x000000cd41177000
}

Java Threads: ( => current thread )
  0x000000cd3affa000 JavaThread "Reference Handler" daemon [_thread_blocked, id=9632, stack(0x000000cd3b980000,0x000000cd3ba80000)]
  0x000000cd3affb800 JavaThread "Finalizer" daemon [_thread_blocked, id=32, stack(0x000000cd3ba80000,0x000000cd3bb80000)]
  0x000000cd3b012800 JavaThread "Signal Dispatcher" daemon [_thread_blocked, id=10764, stack(0x000000cd3bda0000,0x000000cd3bea0000)]
  0x000000cd3b016000 JavaThread "Attach Listener" daemon [_thread_blocked, id=568, stack(0x000000cd3bea0000,0x000000cd3bfa0000)]
  0x000000cd3b018000 JavaThread "Service Thread" daemon [_thread_blocked, id=6548, stack(0x000000cd3bfa0000,0x000000cd3c0a0000)]
  0x000000cd3b01b800 JavaThread "C2 CompilerThread0" daemon [_thread_blocked, id=648, stack(0x000000cd3c0a0000,0x000000cd3c1a0000)]
  0x000000cd3b020000 JavaThread "C1 CompilerThread0" daemon [_thread_blocked, id=7496, stack(0x000000cd3c1a0000,0x000000cd3c2a0000)]
  0x000000cd3b03b000 JavaThread "Sweeper thread" daemon [_thread_blocked, id=3960, stack(0x000000cd3c2a0000,0x000000cd3c3a0000)]
  0x000000cd3c467800 JavaThread "Common-Cleaner" daemon [_thread_blocked, id=8652, stack(0x000000cd3c7a0000,0x000000cd3c8a0000)]
  0x000000cd3c79e000 JavaThread "Monitor Ctrl-Break" daemon [_thread_in_native, id=6400, stack(0x000000cd3d0a0000,0x000000cd3d1a0000)]
  0x000000cd3c97f800 JavaThread "Notification Thread" daemon [_thread_blocked, id=6280, stack(0x000000cd3d1a0000,0x000000cd3d2a0000)]
  0x000000cd417e2800 JavaThread "Catalina-utility-1" [_thread_blocked, id=1304, stack(0x000000cd3fc50000,0x000000cd3fd50000)]
  0x000000cd3e80d800 JavaThread "Catalina-utility-2" [_thread_blocked, id=192, stack(0x000000cd40dd0000,0x000000cd40ed0000)]
  0x000000cd40f9e800 JavaThread "container-0" [_thread_blocked, id=7200, stack(0x000000cd42740000,0x000000cd42840000)]
  0x000000cd3e93b800 JavaThread "HikariPool-1 housekeeper" daemon [_thread_blocked, id=8408, stack(0x000000cd446b0000,0x000000cd447b0000)]
  0x000000cd41a7e800 JavaThread "File Watcher" daemon [_thread_blocked, id=1184, stack(0x000000cd44550000,0x000000cd44650000)]
  0x000000cd41a7d000 JavaThread "Live Reload Server" daemon [_thread_in_native, id=6592, stack(0x000000cd45a60000,0x000000cd45b60000)]
  0x000000cd41a7d800 JavaThread "http-nio-8088-exec-1" daemon [_thread_blocked, id=10360, stack(0x000000cd44db0000,0x000000cd44eb0000)]
  0x000000cd41a7f800 JavaThread "http-nio-8088-exec-2" daemon [_thread_blocked, id=5692, stack(0x000000cd454f0000,0x000000cd455f0000)]
  0x000000cd41a82000 JavaThread "http-nio-8088-exec-3" daemon [_thread_blocked, id=9408, stack(0x000000cd46130000,0x000000cd46230000)]
  0x000000cd41a81000 JavaThread "http-nio-8088-exec-4" daemon [_thread_blocked, id=10892, stack(0x000000cd458c0000,0x000000cd459c0000)]
  0x000000cd41a80000 JavaThread "http-nio-8088-exec-5" daemon [_thread_blocked, id=6732, stack(0x000000cd45fc0000,0x000000cd460c0000)]
  0x000000cd41a82800 JavaThread "http-nio-8088-exec-6" daemon [_thread_blocked, id=5712, stack(0x000000cd46230000,0x000000cd46330000)]
  0x000000cd41a83800 JavaThread "http-nio-8088-exec-7" daemon [_thread_blocked, id=9804, stack(0x000000cd46330000,0x000000cd46430000)]
  0x000000cd41174000 JavaThread "http-nio-8088-exec-8" daemon [_thread_blocked, id=10388, stack(0x000000cd46430000,0x000000cd46530000)]
  0x000000cd41173000 JavaThread "http-nio-8088-exec-9" daemon [_thread_blocked, id=6056, stack(0x000000cd46530000,0x000000cd46630000)]
  0x000000cd41171800 JavaThread "http-nio-8088-exec-10" daemon [_thread_blocked, id=9604, stack(0x000000cd46630000,0x000000cd46730000)]
  0x000000cd41174800 JavaThread "http-nio-8088-Poller" daemon [_thread_blocked, id=1224, stack(0x000000cd46970000,0x000000cd46a70000)]
  0x000000cd41172800 JavaThread "http-nio-8088-Acceptor" daemon [_thread_in_native, id=6628, stack(0x000000cd46a70000,0x000000cd46b70000)]
  0x000000cd41177000 JavaThread "DestroyJavaVM" [_thread_blocked, id=1392, stack(0x000000cd1e030000,0x000000cd1e130000)]

Other Threads:
=>0x000000cd3aff8800 VMThread "VM Thread" [stack: 0x000000cd3b880000,0x000000cd3b980000] [id=8900]
  0x000000cd3c980000 WatcherThread [stack: 0x000000cd3d2a0000,0x000000cd3d3a0000] [id=4388]
  0x000000cd1e9b9800 GCTaskThread "GC Thread#0" [stack: 0x000000cd1e750000,0x000000cd1e850000] [id=7508]
  0x000000cd3c9de000 GCTaskThread "GC Thread#1" [stack: 0x000000cd3d7a0000,0x000000cd3d8a0000] [id=5396]
  0x000000cd3cfc1800 GCTaskThread "GC Thread#2" [stack: 0x000000cd3e970000,0x000000cd3ea70000] [id=1600]
  0x000000cd3cfff000 GCTaskThread "GC Thread#3" [stack: 0x000000cd3ec70000,0x000000cd3ed70000] [id=8292]
  0x000000cd1e9c3800 ConcurrentGCThread "G1 Main Marker" [stack: 0x000000cd38640000,0x000000cd38740000] [id=6052]
  0x000000cd1e9c6800 ConcurrentGCThread "G1 Conc#0" [stack: 0x000000cd38740000,0x000000cd38840000] [id=6756]
  0x000000cd1ea19800 ConcurrentGCThread "G1 Refine#0" [stack: 0x000000cd3ac80000,0x000000cd3ad80000] [id=8396]
  0x000000cd3c60f800 ConcurrentGCThread "G1 Refine#1" [stack: 0x000000cd3d8a0000,0x000000cd3d9a0000] [id=6224]
  0x000000cd1ea1b800 ConcurrentGCThread "G1 Young RemSet Sampling" [stack: 0x000000cd3ad80000,0x000000cd3ae80000] [id=6932]

Threads with active compile tasks:

VM state:at safepoint (normal execution)

VM Mutex/Monitor currently owned by a thread:  ([mutex/lock_event])
[0x000000cd1e985e70] Threads_lock - owner thread: 0x000000cd3aff8800
[0x000000cd1e985d50] Heap_lock - owner thread: 0x000000cd41a7e800

Heap address: 0x00000000c1800000, size: 1000 MB, Compressed Oops mode: 32-bit
Narrow klass base: 0x0000000800000000, Narrow klass shift: 3
Compressed class space size: 1073741824 Address: 0x0000000800b30000

Heap:
 garbage-first heap   total 84992K, used 29990K [0x00000000c1800000, 0x0000000100000000)
  region size 1024K, 1 young (1024K), 1 survivors (1024K)
 Metaspace       used 61073K, capacity 62947K, committed 63152K, reserved 1103872K
  class space    used 8112K, capacity 8821K, committed 8880K, reserved 1048576K
Heap Regions: E=young(eden), S=young(survivor), O=old, HS=humongous(starts), HC=humongous(continues), CS=collection set, F=free, OA=open archive, CA=closed archive, TAMS=top-at-mark-start (previous, next)
|   0|0x00000000c1800000, 0x00000000c1900000, 0x00000000c1900000|100%|HS|  |TAMS 0x00000000c1900000, 0x00000000c1800000| Complete 
|   1|0x00000000c1900000, 0x00000000c1a00000, 0x00000000c1a00000|100%| O|  |TAMS 0x00000000c1a00000, 0x00000000c1900000| Untracked 
|   2|0x00000000c1a00000, 0x00000000c1b00000, 0x00000000c1b00000|100%| O|  |TAMS 0x00000000c1b00000, 0x00000000c1a00000| Untracked 
|   3|0x00000000c1b00000, 0x00000000c1c00000, 0x00000000c1c00000|100%| O|  |TAMS 0x00000000c1c00000, 0x00000000c1b00000| Untracked 
|   4|0x00000000c1c00000, 0x00000000c1d00000, 0x00000000c1d00000|100%| O|  |TAMS 0x00000000c1d00000, 0x00000000c1c00000| Untracked 
|   5|0x00000000c1d00000, 0x00000000c1e00000, 0x00000000c1e00000|100%| O|  |TAMS 0x00000000c1e00000, 0x00000000c1d00000| Untracked 
|   6|0x00000000c1e00000, 0x00000000c1f00000, 0x00000000c1f00000|100%| O|  |TAMS 0x00000000c1f00000, 0x00000000c1e00000| Untracked 
|   7|0x00000000c1f00000, 0x00000000c2000000, 0x00000000c2000000|100%| O|  |TAMS 0x00000000c2000000, 0x00000000c1f00000| Untracked 
|   8|0x00000000c2000000, 0x00000000c2100000, 0x00000000c2100000|100%| O|  |TAMS 0x00000000c2100000, 0x00000000c2000000| Untracked 
|   9|0x00000000c2100000, 0x00000000c2150200, 0x00000000c2200000| 31%| O|  |TAMS 0x00000000c2150200, 0x00000000c2100000| Untracked 
|  10|0x00000000c2200000, 0x00000000c2300000, 0x00000000c2300000|100%| O|  |TAMS 0x00000000c2300000, 0x00000000c2200000| Untracked 
|  11|0x00000000c2300000, 0x00000000c2400000, 0x00000000c2400000|100%| O|  |TAMS 0x00000000c2400000, 0x00000000c2300000| Untracked 
|  12|0x00000000c2400000, 0x00000000c2500000, 0x00000000c2500000|100%| O|  |TAMS 0x00000000c2500000, 0x00000000c2400000| Untracked 
|  13|0x00000000c2500000, 0x00000000c2600000, 0x00000000c2600000|100%| O|  |TAMS 0x00000000c2600000, 0x00000000c2500000| Untracked 
|  14|0x00000000c2600000, 0x00000000c2700000, 0x00000000c2700000|100%| O|  |TAMS 0x00000000c2700000, 0x00000000c2600000| Untracked 
|  15|0x00000000c2700000, 0x00000000c2800000, 0x00000000c2800000|100%| O|  |TAMS 0x00000000c2800000, 0x00000000c2700000| Untracked 
|  16|0x00000000c2800000, 0x00000000c2900000, 0x00000000c2900000|100%| O|  |TAMS 0x00000000c2811c00, 0x00000000c2800000| Untracked 
|  17|0x00000000c2900000, 0x00000000c2a00000, 0x00000000c2a00000|100%| O|  |TAMS 0x00000000c2900000, 0x00000000c2900000| Untracked 
|  18|0x00000000c2a00000, 0x00000000c2b00000, 0x00000000c2b00000|100%| O|  |TAMS 0x00000000c2a00000, 0x00000000c2a00000| Untracked 
|  19|0x00000000c2b00000, 0x00000000c2c00000, 0x00000000c2c00000|100%| O|  |TAMS 0x00000000c2b00000, 0x00000000c2b00000| Untracked 
|  20|0x00000000c2c00000, 0x00000000c2d00000, 0x00000000c2d00000|100%| O|  |TAMS 0x00000000c2c00000, 0x00000000c2c00000| Untracked 
|  21|0x00000000c2d00000, 0x00000000c2e00000, 0x00000000c2e00000|100%| O|  |TAMS 0x00000000c2d00000, 0x00000000c2d00000| Untracked 
|  22|0x00000000c2e00000, 0x00000000c2f00000, 0x00000000c2f00000|100%| O|  |TAMS 0x00000000c2e00000, 0x00000000c2e00000| Untracked 
|  23|0x00000000c2f00000, 0x00000000c3000000, 0x00000000c3000000|100%| O|  |TAMS 0x00000000c2f00000, 0x00000000c2f00000| Untracked 
|  24|0x00000000c3000000, 0x00000000c3100000, 0x00000000c3100000|100%| O|  |TAMS 0x00000000c3000000, 0x00000000c3000000| Untracked 
|  25|0x00000000c3100000, 0x00000000c3200000, 0x00000000c3200000|100%| O|  |TAMS 0x00000000c3100000, 0x00000000c3100000| Untracked 
|  26|0x00000000c3200000, 0x00000000c3300000, 0x00000000c3300000|100%| O|  |TAMS 0x00000000c3200000, 0x00000000c3200000| Untracked 
|  27|0x00000000c3300000, 0x00000000c3400000, 0x00000000c3400000|100%| O|  |TAMS 0x00000000c3300000, 0x00000000c3300000| Untracked 
|  28|0x00000000c3400000, 0x00000000c3500000, 0x00000000c3500000|100%| O|  |TAMS 0x00000000c3400000, 0x00000000c3400000| Untracked 
|  29|0x00000000c3500000, 0x00000000c3560e00, 0x00000000c3600000| 37%| O|  |TAMS 0x00000000c3500000, 0x00000000c3500000| Untracked 
|  30|0x00000000c3600000, 0x00000000c3600000, 0x00000000c3700000|  0%| F|  |TAMS 0x00000000c3600000, 0x00000000c3600000| Untracked 
|  31|0x00000000c3700000, 0x00000000c3700000, 0x00000000c3800000|  0%| F|  |TAMS 0x00000000c3700000, 0x00000000c3700000| Untracked 
|  32|0x00000000c3800000, 0x00000000c3800000, 0x00000000c3900000|  0%| F|  |TAMS 0x00000000c3800000, 0x00000000c3800000| Untracked 
|  33|0x00000000c3900000, 0x00000000c3900000, 0x00000000c3a00000|  0%| F|  |TAMS 0x00000000c3900000, 0x00000000c3900000| Untracked 
|  34|0x00000000c3a00000, 0x00000000c3a00000, 0x00000000c3b00000|  0%| F|  |TAMS 0x00000000c3a00000, 0x00000000c3a00000| Untracked 
|  35|0x00000000c3b00000, 0x00000000c3b00000, 0x00000000c3c00000|  0%| F|  |TAMS 0x00000000c3b00000, 0x00000000c3b00000| Untracked 
|  36|0x00000000c3c00000, 0x00000000c3c00000, 0x00000000c3d00000|  0%| F|  |TAMS 0x00000000c3c00000, 0x00000000c3c00000| Untracked 
|  37|0x00000000c3d00000, 0x00000000c3d00000, 0x00000000c3e00000|  0%| F|  |TAMS 0x00000000c3d00000, 0x00000000c3d00000| Untracked 
|  38|0x00000000c3e00000, 0x00000000c3e00000, 0x00000000c3f00000|  0%| F|  |TAMS 0x00000000c3e00000, 0x00000000c3e00000| Untracked 
|  39|0x00000000c3f00000, 0x00000000c3f00000, 0x00000000c4000000|  0%| F|  |TAMS 0x00000000c3f00000, 0x00000000c3f00000| Untracked 
|  40|0x00000000c4000000, 0x00000000c4000000, 0x00000000c4100000|  0%| F|  |TAMS 0x00000000c4000000, 0x00000000c4000000| Untracked 
|  41|0x00000000c4100000, 0x00000000c4100000, 0x00000000c4200000|  0%| F|  |TAMS 0x00000000c4100000, 0x00000000c4100000| Untracked 
|  42|0x00000000c4200000, 0x00000000c4200000, 0x00000000c4300000|  0%| F|  |TAMS 0x00000000c4200000, 0x00000000c4200000| Untracked 
|  43|0x00000000c4300000, 0x00000000c4300000, 0x00000000c4400000|  0%| F|  |TAMS 0x00000000c4300000, 0x00000000c4300000| Untracked 
|  44|0x00000000c4400000, 0x00000000c4400000, 0x00000000c4500000|  0%| F|  |TAMS 0x00000000c4400000, 0x00000000c4400000| Untracked 
|  45|0x00000000c4500000, 0x00000000c4500000, 0x00000000c4600000|  0%| F|  |TAMS 0x00000000c4500000, 0x00000000c4500000| Untracked 
|  46|0x00000000c4600000, 0x00000000c4600000, 0x00000000c4700000|  0%| F|  |TAMS 0x00000000c4600000, 0x00000000c4600000| Untracked 
|  47|0x00000000c4700000, 0x00000000c4700000, 0x00000000c4800000|  0%| F|  |TAMS 0x00000000c4700000, 0x00000000c4700000| Untracked 
|  48|0x00000000c4800000, 0x00000000c4800000, 0x00000000c4900000|  0%| F|  |TAMS 0x00000000c4800000, 0x00000000c4800000| Untracked 
|  49|0x00000000c4900000, 0x00000000c4900000, 0x00000000c4a00000|  0%| F|  |TAMS 0x00000000c4900000, 0x00000000c4900000| Untracked 
|  50|0x00000000c4a00000, 0x00000000c4a00000, 0x00000000c4b00000|  0%| F|  |TAMS 0x00000000c4a00000, 0x00000000c4a00000| Untracked 
|  51|0x00000000c4b00000, 0x00000000c4b00000, 0x00000000c4c00000|  0%| F|  |TAMS 0x00000000c4b00000, 0x00000000c4b00000| Untracked 
|  52|0x00000000c4c00000, 0x00000000c4c00000, 0x00000000c4d00000|  0%| F|  |TAMS 0x00000000c4c00000, 0x00000000c4c00000| Untracked 
|  53|0x00000000c4d00000, 0x00000000c4d00000, 0x00000000c4e00000|  0%| F|  |TAMS 0x00000000c4d00000, 0x00000000c4d00000| Untracked 
|  54|0x00000000c4e00000, 0x00000000c4e00000, 0x00000000c4f00000|  0%| F|  |TAMS 0x00000000c4e00000, 0x00000000c4e00000| Untracked 
|  55|0x00000000c4f00000, 0x00000000c4f00000, 0x00000000c5000000|  0%| F|  |TAMS 0x00000000c4f00000, 0x00000000c4f00000| Untracked 
|  56|0x00000000c5000000, 0x00000000c5000000, 0x00000000c5100000|  0%| F|  |TAMS 0x00000000c5000000, 0x00000000c5000000| Untracked 
|  57|0x00000000c5100000, 0x00000000c5100000, 0x00000000c5200000|  0%| F|  |TAMS 0x00000000c5100000, 0x00000000c5100000| Untracked 
|  58|0x00000000c5200000, 0x00000000c5200000, 0x00000000c5300000|  0%| F|  |TAMS 0x00000000c5200000, 0x00000000c5200000| Untracked 
|  59|0x00000000c5300000, 0x00000000c5300000, 0x00000000c5400000|  0%| F|  |TAMS 0x00000000c5300000, 0x00000000c5300000| Untracked 
|  60|0x00000000c5400000, 0x00000000c5400000, 0x00000000c5500000|  0%| F|  |TAMS 0x00000000c5400000, 0x00000000c5400000| Untracked 
|  61|0x00000000c5500000, 0x00000000c5500000, 0x00000000c5600000|  0%| F|  |TAMS 0x00000000c5500000, 0x00000000c5500000| Untracked 
|  62|0x00000000c5600000, 0x00000000c5600000, 0x00000000c5700000|  0%| F|  |TAMS 0x00000000c5600000, 0x00000000c5600000| Untracked 
|  63|0x00000000c5700000, 0x00000000c5700000, 0x00000000c5800000|  0%| F|  |TAMS 0x00000000c5700000, 0x00000000c5700000| Untracked 
|  64|0x00000000c5800000, 0x00000000c5800000, 0x00000000c5900000|  0%| F|  |TAMS 0x00000000c5800000, 0x00000000c5800000| Untracked 
|  65|0x00000000c5900000, 0x00000000c5900000, 0x00000000c5a00000|  0%| F|  |TAMS 0x00000000c5900000, 0x00000000c5900000| Untracked 
|  66|0x00000000c5a00000, 0x00000000c5a98940, 0x00000000c5b00000| 59%| S|CS|TAMS 0x00000000c5a00000, 0x00000000c5a00000| Complete 
|  67|0x00000000c5b00000, 0x00000000c5b00000, 0x00000000c5c00000|  0%| F|  |TAMS 0x00000000c5b00000, 0x00000000c5b00000| Untracked 
|  68|0x00000000c5c00000, 0x00000000c5c00000, 0x00000000c5d00000|  0%| F|  |TAMS 0x00000000c5c00000, 0x00000000c5c00000| Untracked 

Card table byte_map: [0x000000cd36300000,0x000000cd36500000] _byte_map_base: 0x000000cd35cf4000

Marking Bits (Prev, Next): (CMBitMap*) 0x000000cd1e9bb1c8, (CMBitMap*) 0x000000cd1e9bb188
 Prev Bits: [0x000000cd376a0000, 0x000000cd38640000)
 Next Bits: [0x000000cd36700000, 0x000000cd376a0000)

Polling page: 0x000000cd1c730000

Metaspace:

Usage:
  Non-class:     52.86 MB capacity,    51.72 MB ( 98%) used,   944.99 KB (  2%) free+waste,   220.13 KB ( <1%) overhead. 
      Class:      8.61 MB capacity,     7.92 MB ( 92%) used,   604.33 KB (  7%) free+waste,   103.94 KB (  1%) overhead. 
       Both:     61.47 MB capacity,    59.64 MB ( 97%) used,     1.51 MB (  2%) free+waste,   324.06 KB ( <1%) overhead. 

Virtual space:
  Non-class space:       54.00 MB reserved,      53.00 MB ( 98%) committed 
      Class space:        1.00 GB reserved,       8.67 MB ( <1%) committed 
             Both:        1.05 GB reserved,      61.67 MB (  6%) committed 

Chunk freelists:
   Non-Class:  18.00 KB
       Class:  11.00 KB
        Both:  29.00 KB

MaxMetaspaceSize: 17179869184.00 GB
CompressedClassSpaceSize: 1.00 GB

CodeHeap 'non-profiled nmethods': size=120000Kb used=3356Kb max_used=3845Kb free=116643Kb
 bounds [0x000000cd2ebd0000, 0x000000cd2efa0000, 0x000000cd36100000]
CodeHeap 'profiled nmethods': size=120000Kb used=11272Kb max_used=11545Kb free=108728Kb
 bounds [0x000000cd276a0000, 0x000000cd281f0000, 0x000000cd2ebd0000]
CodeHeap 'non-nmethods': size=5760Kb used=1324Kb max_used=1389Kb free=4435Kb
 bounds [0x000000cd27100000, 0x000000cd27370000, 0x000000cd276a0000]
 total_blobs=8780 nmethods=5284 adapters=524
 compilation: enabled
              stopped_count=0, restarted_count=0
 full_count=0

Compilation events (20 events):
Event: 2511.060 Thread 0x000000cd3b020000 6419   !   3       org.apache.catalina.startup.Tomcat$FixContextListener::lifecycleEvent (87 bytes)
Event: 2512.251 Thread 0x000000cd3b020000 nmethod 6419 0x000000cd278d7c90 code [0x000000cd278d7f60, 0x000000cd278d8f48]
Event: 2532.590 Thread 0x000000cd3b020000 6422       3       com.zaxxer.hikari.util.ClockSource::plusMillis (11 bytes)
Event: 2532.923 Thread 0x000000cd3b020000 nmethod 6422 0x000000cd280a1610 code [0x000000cd280a17c0, 0x000000cd280a1968]
Event: 2541.064 Thread 0x000000cd3b020000 6424       3       java.util.TreeSet::<init> (13 bytes)
Event: 2541.065 Thread 0x000000cd3b020000 nmethod 6424 0x000000cd27e8b710 code [0x000000cd27e8b8e0, 0x000000cd27e8bdb8]
Event: 2561.065 Thread 0x000000cd3b020000 6425       3       java.util.TreeSet::addAll (83 bytes)
Event: 2561.068 Thread 0x000000cd3b020000 nmethod 6425 0x000000cd2810da10 code [0x000000cd2810dca0, 0x000000cd2810ece8]
Event: 2561.069 Thread 0x000000cd3b020000 6426       3       org.apache.catalina.webresources.StandardRoot::gc (70 bytes)
Event: 2562.048 Thread 0x000000cd3b020000 nmethod 6426 0x000000cd2789e110 code [0x000000cd2789e340, 0x000000cd2789ed88]
Event: 2570.723 Thread 0x000000cd3b020000 6428       3       org.apache.catalina.core.StandardServer$$Lambda$681/0x0000000800f11840::run (8 bytes)
Event: 2571.088 Thread 0x000000cd3b020000 nmethod 6428 0x000000cd27cdb890 code [0x000000cd27cdba40, 0x000000cd27cdbca8]
Event: 2571.088 Thread 0x000000cd3b020000 6429       3       org.apache.catalina.core.StandardServer::lambda$startPeriodicLifecycleEvent$1 (8 bytes)
Event: 2571.089 Thread 0x000000cd3b020000 nmethod 6429 0x000000cd280d0610 code [0x000000cd280d07c0, 0x000000cd280d09a8]
Event: 2571.089 Thread 0x000000cd3b020000 6430       3       org.apache.catalina.core.ContainerBase$ContainerBackgroundProcessor::run (9 bytes)
Event: 2571.193 Thread 0x000000cd3b020000 nmethod 6430 0x000000cd27bfb510 code [0x000000cd27bfb6c0, 0x000000cd27bfb828]
Event: 2571.208 Thread 0x000000cd3b020000 6432       3       org.apache.catalina.core.DefaultInstanceManager::backgroundProcess (8 bytes)
Event: 2571.337 Thread 0x000000cd3b020000 nmethod 6432 0x000000cd27c71610 code [0x000000cd27c717c0, 0x000000cd27c71928]
Event: 2575.404 Thread 0x000000cd3b01b800 6434   !   4       sun.nio.ch.SelectorImpl::processDeregisterQueue (145 bytes)
Event: 2576.572 Thread 0x000000cd3b01b800 nmethod 6434 0x000000cd2edf2c10 code [0x000000cd2edf2ee0, 0x000000cd2edf3960]

GC Heap History (20 events):
Event: 19.309 GC heap after
{Heap after GC invocations=27 (full 0):
 garbage-first heap   total 70656K, used 23574K [0x00000000c1800000, 0x0000000100000000)
  region size 1024K, 3 young (3072K), 3 survivors (3072K)
 Metaspace       used 53073K, capacity 54720K, committed 54960K, reserved 1095680K
  class space    used 7168K, capacity 7800K, committed 7856K, reserved 1048576K
}
Event: 20.344 GC heap before
{Heap before GC invocations=27 (full 0):
 garbage-first heap   total 70656K, used 57366K [0x00000000c1800000, 0x0000000100000000)
  region size 1024K, 36 young (36864K), 3 survivors (3072K)
 Metaspace       used 55393K, capacity 57102K, committed 57392K, reserved 1097728K
  class space    used 7486K, capacity 8163K, committed 8240K, reserved 1048576K
}
Event: 20.360 GC heap after
{Heap after GC invocations=28 (full 0):
 garbage-first heap   total 70656K, used 25430K [0x00000000c1800000, 0x0000000100000000)
  region size 1024K, 4 young (4096K), 4 survivors (4096K)
 Metaspace       used 55393K, capacity 57102K, committed 57392K, reserved 1097728K
  class space    used 7486K, capacity 8163K, committed 8240K, reserved 1048576K
}
Event: 26.962 GC heap before
{Heap before GC invocations=28 (full 0):
 garbage-first heap   total 70656K, used 58198K [0x00000000c1800000, 0x0000000100000000)
  region size 1024K, 36 young (36864K), 4 survivors (4096K)
 Metaspace       used 58699K, capacity 60508K, committed 60592K, reserved 1101824K
  class space    used 7897K, capacity 8590K, committed 8624K, reserved 1048576K
}
Event: 27.000 GC heap after
{Heap after GC invocations=29 (full 0):
 garbage-first heap   total 70656K, used 27565K [0x00000000c1800000, 0x0000000100000000)
  region size 1024K, 5 young (5120K), 5 survivors (5120K)
 Metaspace       used 58699K, capacity 60508K, committed 60592K, reserved 1101824K
  class space    used 7897K, capacity 8590K, committed 8624K, reserved 1048576K
}
Event: 186.355 GC heap before
{Heap before GC invocations=29 (full 0):
 garbage-first heap   total 70656K, used 56237K [0x00000000c1800000, 0x0000000100000000)
  region size 1024K, 33 young (33792K), 5 survivors (5120K)
 Metaspace       used 60714K, capacity 62550K, committed 62640K, reserved 1103872K
  class space    used 8111K, capacity 8819K, committed 8880K, reserved 1048576K
}
Event: 186.384 GC heap after
{Heap after GC invocations=30 (full 0):
 garbage-first heap   total 70656K, used 29359K [0x00000000c1800000, 0x0000000100000000)
  region size 1024K, 4 young (4096K), 4 survivors (4096K)
 Metaspace       used 60714K, capacity 62550K, committed 62640K, reserved 1103872K
  class space    used 8111K, capacity 8819K, committed 8880K, reserved 1048576K
}
Event: 525.594 GC heap before
{Heap before GC invocations=30 (full 0):
 garbage-first heap   total 70656K, used 57007K [0x00000000c1800000, 0x0000000100000000)
  region size 1024K, 31 young (31744K), 4 survivors (4096K)
 Metaspace       used 60963K, capacity 62809K, committed 62896K, reserved 1103872K
  class space    used 8111K, capacity 8819K, committed 8880K, reserved 1048576K
}
Event: 525.615 GC heap after
{Heap after GC invocations=31 (full 0):
 garbage-first heap   total 70656K, used 29688K [0x00000000c1800000, 0x0000000100000000)
  region size 1024K, 3 young (3072K), 3 survivors (3072K)
 Metaspace       used 60963K, capacity 62809K, committed 62896K, reserved 1103872K
  class space    used 8111K, capacity 8819K, committed 8880K, reserved 1048576K
}
Event: 923.656 GC heap before
{Heap before GC invocations=31 (full 0):
 garbage-first heap   total 70656K, used 57336K [0x00000000c1800000, 0x0000000100000000)
  region size 1024K, 30 young (30720K), 3 survivors (3072K)
 Metaspace       used 60970K, capacity 62809K, committed 62896K, reserved 1103872K
  class space    used 8111K, capacity 8819K, committed 8880K, reserved 1048576K
}
Event: 923.664 GC heap after
{Heap after GC invocations=32 (full 0):
 garbage-first heap   total 70656K, used 29500K [0x00000000c1800000, 0x0000000100000000)
  region size 1024K, 2 young (2048K), 2 survivors (2048K)
 Metaspace       used 60970K, capacity 62809K, committed 62896K, reserved 1103872K
  class space    used 8111K, capacity 8819K, committed 8880K, reserved 1048576K
}
Event: 1351.018 GC heap before
{Heap before GC invocations=32 (full 0):
 garbage-first heap   total 70656K, used 59196K [0x00000000c1800000, 0x0000000100000000)
  region size 1024K, 31 young (31744K), 2 survivors (2048K)
 Metaspace       used 60987K, capacity 62809K, committed 62896K, reserved 1103872K
  class space    used 8111K, capacity 8819K, committed 8880K, reserved 1048576K
}
Event: 1351.027 GC heap after
{Heap after GC invocations=33 (full 0):
 garbage-first heap   total 70656K, used 29500K [0x00000000c1800000, 0x0000000100000000)
  region size 1024K, 2 young (2048K), 2 survivors (2048K)
 Metaspace       used 60987K, capacity 62809K, committed 62896K, reserved 1103872K
  class space    used 8111K, capacity 8819K, committed 8880K, reserved 1048576K
}
Event: 1772.314 GC heap before
{Heap before GC invocations=33 (full 0):
 garbage-first heap   total 70656K, used 59196K [0x00000000c1800000, 0x0000000100000000)
  region size 1024K, 31 young (31744K), 2 survivors (2048K)
 Metaspace       used 60995K, capacity 62812K, committed 62896K, reserved 1103872K
  class space    used 8112K, capacity 8820K, committed 8880K, reserved 1048576K
}
Event: 1772.324 GC heap after
{Heap after GC invocations=34 (full 0):
 garbage-first heap   total 70656K, used 29592K [0x00000000c1800000, 0x0000000100000000)
  region size 1024K, 3 young (3072K), 3 survivors (3072K)
 Metaspace       used 60995K, capacity 62812K, committed 62896K, reserved 1103872K
  class space    used 8112K, capacity 8820K, committed 8880K, reserved 1048576K
}
Event: 2151.591 GC heap before
{Heap before GC invocations=34 (full 0):
 garbage-first heap   total 70656K, used 58264K [0x00000000c1800000, 0x0000000100000000)
  region size 1024K, 31 young (31744K), 3 survivors (3072K)
 Metaspace       used 61051K, capacity 62883K, committed 63152K, reserved 1103872K
  class space    used 8112K, capacity 8821K, committed 8880K, reserved 1048576K
}
Event: 2152.238 GC heap after
{Heap after GC invocations=35 (full 0):
 garbage-first heap   total 70656K, used 29968K [0x00000000c1800000, 0x0000000100000000)
  region size 1024K, 3 young (3072K), 3 survivors (3072K)
 Metaspace       used 61051K, capacity 62883K, committed 63152K, reserved 1103872K
  class space    used 8112K, capacity 8821K, committed 8880K, reserved 1048576K
}
Event: 2673.707 GC heap before
{Heap before GC invocations=35 (full 0):
 garbage-first heap   total 70656K, used 58640K [0x00000000c1800000, 0x0000000100000000)
  region size 1024K, 31 young (31744K), 3 survivors (3072K)
 Metaspace       used 61073K, capacity 62947K, committed 63152K, reserved 1103872K
  class space    used 8112K, capacity 8821K, committed 8880K, reserved 1048576K
}
Event: 2678.602 GC heap after
{Heap after GC invocations=36 (full 0):
 garbage-first heap   total 70656K, used 30236K [0x00000000c1800000, 0x0000000100000000)
  region size 1024K, 1 young (1024K), 1 survivors (1024K)
 Metaspace       used 61073K, capacity 62947K, committed 63152K, reserved 1103872K
  class space    used 8112K, capacity 8821K, committed 8880K, reserved 1048576K
}
Event: 2707.652 GC heap before
{Heap before GC invocations=36 (full 0):
 garbage-first heap   total 70656K, used 32284K [0x00000000c1800000, 0x0000000100000000)
  region size 1024K, 3 young (3072K), 1 survivors (1024K)
 Metaspace       used 61073K, capacity 62947K, committed 63152K, reserved 1103872K
  class space    used 8112K, capacity 8821K, committed 8880K, reserved 1048576K
}

Deoptimization events (20 events):
Event: 55.331 Thread 0x000000cd41173000 DEOPT PACKING pc=0x000000cd2ef5ef18 sp=0x000000cd4662cc50
Event: 55.331 Thread 0x000000cd41173000 DEOPT UNPACKING pc=0x000000cd2714912f sp=0x000000cd4662cc10 mode 2
Event: 55.771 Thread 0x000000cd41a81000 DEOPT PACKING pc=0x000000cd27892850 sp=0x000000cd459bc6d0
Event: 55.771 Thread 0x000000cd41a81000 DEOPT UNPACKING pc=0x000000cd2714964e sp=0x000000cd459bbc58 mode 0
Event: 508.918 Thread 0x000000cd41a83800 DEOPT PACKING pc=0x000000cd281d4401 sp=0x000000cd4642c670
Event: 508.918 Thread 0x000000cd41a83800 DEOPT UNPACKING pc=0x000000cd2714964e sp=0x000000cd4642bbf0 mode 0
Event: 508.933 Thread 0x000000cd41a83800 DEOPT PACKING pc=0x000000cd281d4401 sp=0x000000cd4642c6e0
Event: 508.933 Thread 0x000000cd41a83800 DEOPT UNPACKING pc=0x000000cd2714964e sp=0x000000cd4642bc60 mode 0
Event: 509.440 Thread 0x000000cd41174000 DEOPT PACKING pc=0x000000cd28093728 sp=0x000000cd4652d0c0
Event: 509.442 Thread 0x000000cd41174000 DEOPT UNPACKING pc=0x000000cd2714964e sp=0x000000cd4652c6a8 mode 0
Event: 509.573 Thread 0x000000cd41a80000 DEOPT PACKING pc=0x000000cd281d4401 sp=0x000000cd460bcbd0
Event: 509.573 Thread 0x000000cd41a80000 DEOPT UNPACKING pc=0x000000cd2714964e sp=0x000000cd460bc150 mode 0
Event: 1789.266 Thread 0x000000cd41176800 DEOPT PACKING pc=0x000000cd27ff5a23 sp=0x000000cd3ec6e8a0
Event: 1789.266 Thread 0x000000cd41176800 DEOPT UNPACKING pc=0x000000cd2714964e sp=0x000000cd3ec6dd08 mode 0
Event: 1809.876 Thread 0x000000cd41178000 DEOPT PACKING pc=0x000000cd27742a64 sp=0x000000cd3ec6e210
Event: 1809.877 Thread 0x000000cd41178000 DEOPT UNPACKING pc=0x000000cd2714964e sp=0x000000cd3ec6d670 mode 0
Event: 2231.146 Thread 0x000000cd417e2800 Uncommon trap: trap_request=0xffffff45 fr.pc=0x000000cd2ed768a0 relative=0x00000000000000e0
Event: 2231.223 Thread 0x000000cd417e2800 Uncommon trap: reason=unstable_if action=reinterpret pc=0x000000cd2ed768a0 method=java.util.concurrent.ScheduledThreadPoolExecutor$ScheduledFutureTask.compareTo(Ljava/util/concurrent/Delayed;)I @ 40 c2
Event: 2231.223 Thread 0x000000cd417e2800 DEOPT PACKING pc=0x000000cd2ed768a0 sp=0x000000cd3fd4ede0
Event: 2231.223 Thread 0x000000cd417e2800 DEOPT UNPACKING pc=0x000000cd2714912f sp=0x000000cd3fd4ed68 mode 2

Classes unloaded (0 events):
No events

Classes redefined (0 events):
No events

Internal exceptions (20 events):
Event: 18.044 Thread 0x000000cd3cfa1000 Exception <a 'java/lang/ClassNotFoundException'{0x00000000c537e518}: org/springframework/beans/factory/AwareCustomizer> (0x00000000c537e518) 
thrown [./open/src/hotspot/share/classfile/systemDictionary.cpp, line 226]
Event: 18.939 Thread 0x000000cd3cfa1000 Exception <a 'java/lang/ClassNotFoundException'{0x00000000c4405ab0}: java/lang/ObjectCustomizer> (0x00000000c4405ab0) 
thrown [./open/src/hotspot/share/classfile/systemDictionary.cpp, line 226]
Event: 18.940 Thread 0x000000cd3cfa1000 Exception <a 'java/lang/ClassNotFoundException'{0x00000000c4426628}: org/springframework/security/config/annotation/web/configuration/WebSecurityConfigurationCustomizer> (0x00000000c4426628) 
thrown [./open/src/hotspot/share/classfile/systemDictionary.cpp, line 226]
Event: 18.949 Thread 0x000000cd3cfa1000 Exception <a 'java/lang/ClassNotFoundException'{0x00000000c4447580}: org/springframework/context/annotation/ImportAwareCustomizer> (0x00000000c4447580) 
thrown [./open/src/hotspot/share/classfile/systemDictionary.cpp, line 226]
Event: 18.950 Thread 0x000000cd3cfa1000 Exception <a 'java/lang/ClassNotFoundException'{0x00000000c445c6e8}: org/springframework/beans/factory/AwareCustomizer> (0x00000000c445c6e8) 
thrown [./open/src/hotspot/share/classfile/systemDictionary.cpp, line 226]
Event: 18.952 Thread 0x000000cd3cfa1000 Exception <a 'java/lang/ClassNotFoundException'{0x00000000c44736e8}: org/springframework/beans/factory/BeanClassLoaderAwareCustomizer> (0x00000000c44736e8) 
thrown [./open/src/hotspot/share/classfile/systemDictionary.cpp, line 226]
Event: 18.953 Thread 0x000000cd3cfa1000 Exception <a 'java/lang/ClassNotFoundException'{0x00000000c4488ac8}: org/springframework/beans/factory/AwareCustomizer> (0x00000000c4488ac8) 
thrown [./open/src/hotspot/share/classfile/systemDictionary.cpp, line 226]
Event: 19.132 Thread 0x000000cd3cfa1000 Implicit null exception at 0x000000cd2ecc36dd to 0x000000cd2ecc37b2
Event: 19.506 Thread 0x000000cd3cfa1000 Exception <a 'java/lang/ClassNotFoundException'{0x00000000c5725038}: java/lang/ObjectCustomizer> (0x00000000c5725038) 
thrown [./open/src/hotspot/share/classfile/systemDictionary.cpp, line 226]
Event: 19.508 Thread 0x000000cd3cfa1000 Exception <a 'java/lang/ClassNotFoundException'{0x00000000c5745bb0}: org/springframework/security/config/annotation/web/configuration/HttpSecurityConfigurationCustomizer> (0x00000000c5745bb0) 
thrown [./open/src/hotspot/share/classfile/systemDictionary.cpp, line 226]
Event: 19.882 Thread 0x000000cd3cfa1000 Exception <a 'java/lang/NoSuchMethodError'{0x00000000c4cd87f8}: 'void java.lang.invoke.DirectMethodHandle$Holder.invokeVirtual(java.lang.Object, java.lang.Object, int)'> (0x00000000c4cd87f8) 
thrown [./open/src/hotspot/share/interpreter/linkResolver.cpp, line 766]
Event: 19.886 Thread 0x000000cd3cfa1000 Exception <a 'java/lang/NoSuchMethodError'{0x00000000c4cf1310}: 'void java.lang.invoke.DirectMethodHandle$Holder.invokeVirtual(java.lang.Object, java.lang.Object, long)'> (0x00000000c4cf1310) 
thrown [./open/src/hotspot/share/interpreter/linkResolver.cpp, line 766]
Event: 20.249 Thread 0x000000cd3cfa1000 Exception <a 'java/lang/IncompatibleClassChangeError'{0x00000000c3fea5b0}: Found class java.lang.Object, but interface was expected> (0x00000000c3fea5b0) 
thrown [./open/src/hotspot/share/interpreter/linkResolver.cpp, line 832]
Event: 20.362 Thread 0x000000cd3cfa1000 Exception <a 'java/lang/NoSuchMethodError'{0x00000000c5c17400}: 'int java.lang.invoke.DirectMethodHandle$Holder.invokeStaticInit(java.lang.Object, java.lang.Object, java.lang.Object, java.lang.Object)'> (0x00000000c5c17400) 
thrown [./open/src/hotspot/share/interpreter/linkResolver.cpp, line 766]
Event: 20.548 Thread 0x000000cd3cfa1000 Implicit null exception at 0x000000cd2ed21cda to 0x000000cd2ed21fcc
Event: 20.846 Thread 0x000000cd3cfa1000 Exception <a 'java/lang/NoSuchMethodError'{0x00000000c51a13d0}: 'java.lang.Object java.lang.invoke.DirectMethodHandle$Holder.invokeSpecial(java.lang.Object, java.lang.Object, int, java.lang.Object, int, java.lang.Object)'> (0x00000000c51a13d0) 
thrown [./open/src/hotspot/share/interpreter/linkResolver.cpp, line 766]
Event: 20.847 Thread 0x000000cd3cfa1000 Exception <a 'java/lang/NoSuchMethodError'{0x00000000c51a8200}: 'java.lang.Object java.lang.invoke.DirectMethodHandle$Holder.invokeStatic(java.lang.Object, java.lang.Object, int, java.lang.Object, int)'> (0x00000000c51a8200) 
thrown [./open/src/hotspot/share/interpreter/linkResolver.cpp, line 766]
Event: 20.848 Thread 0x000000cd3cfa1000 Exception <a 'java/lang/NoSuchMethodError'{0x00000000c51ab5b0}: 'java.lang.Object java.lang.invoke.DirectMethodHandle$Holder.invokeSpecial(java.lang.Object, java.lang.Object, java.lang.Object, int, java.lang.Object, int)'> (0x00000000c51ab5b0) 
thrown [./open/src/hotspot/share/interpreter/linkResolver.cpp, line 766]
Event: 20.852 Thread 0x000000cd3cfa1000 Exception <a 'java/lang/NoSuchMethodError'{0x00000000c51b7488}: 'void java.lang.invoke.DirectMethodHandle$Holder.invokeVirtual(java.lang.Object, java.lang.Object)'> (0x00000000c51b7488) 
thrown [./open/src/hotspot/share/interpreter/linkResolver.cpp, line 766]
Event: 28.511 Thread 0x000000cd41a82000 Exception <a 'java/io/IOException'{0x00000000c4fc3368}> (0x00000000c4fc3368) 
thrown [./open/src/hotspot/share/prims/jni.cpp, line 599]

Events (20 events):
Event: 2173.561 Thread 0x000000cd3b03b000 flushing nmethod 0x000000cd2815d790
Event: 2251.759 Executing VM operation: HandshakeAllThreads
Event: 2251.759 Executing VM operation: HandshakeAllThreads done
Event: 2281.039 Executing VM operation: HandshakeAllThreads
Event: 2281.039 Executing VM operation: HandshakeAllThreads done
Event: 2281.054 Thread 0x000000cd3b03b000 flushing nmethod 0x000000cd27cdac10
Event: 2281.054 Thread 0x000000cd3b03b000 flushing nmethod 0x000000cd27cdb890
Event: 2481.540 Executing VM operation: HandshakeAllThreads
Event: 2481.540 Executing VM operation: HandshakeAllThreads done
Event: 2481.543 Thread 0x000000cd3b03b000 flushing nmethod 0x000000cd2ed76610
Event: 2481.559 Thread 0x000000cd3b03b000 flushing nmethod 0x000000cd27e85e90
Event: 2512.251 Executing VM operation: HandshakeAllThreads
Event: 2512.251 Executing VM operation: HandshakeAllThreads done
Event: 2532.923 Executing VM operation: HandshakeAllThreads
Event: 2532.923 Executing VM operation: HandshakeAllThreads done
Event: 2561.069 Executing VM operation: HandshakeAllThreads
Event: 2561.069 Executing VM operation: HandshakeAllThreads done
Event: 2673.707 Executing VM operation: G1CollectForAllocation
Event: 2678.602 Executing VM operation: G1CollectForAllocation done
Event: 2707.139 Executing VM operation: G1CollectForAllocation


Dynamic libraries:
0x00007ff6ae460000 - 0x00007ff6ae46f000 	C:\Program Files\Java\jdk-14.0.1\bin\java.exe
0x00007ff8cc6b0000 - 0x00007ff8cc85d000 	C:\Windows\SYSTEM32\ntdll.dll
0x00007ff8cbed0000 - 0x00007ff8cc00a000 	C:\Windows\system32\KERNEL32.DLL
0x00007ff8c9e20000 - 0x00007ff8c9f30000 	C:\Windows\system32\KERNELBASE.dll
0x00007ff8c30b0000 - 0x00007ff8c30c8000 	C:\Program Files\Java\jdk-14.0.1\bin\jli.dll
0x00007ff8c1cf0000 - 0x00007ff8c1d05000 	C:\Program Files\Java\jdk-14.0.1\bin\VCRUNTIME140.dll
0x00007ff8c8870000 - 0x00007ff8c8874000 	C:\Program Files\Java\jdk-14.0.1\bin\api-ms-win-crt-stdio-l1-1-0.dll
0x00007ff8c7f80000 - 0x00007ff8c7f84000 	C:\Program Files\Java\jdk-14.0.1\bin\api-ms-win-crt-runtime-l1-1-0.dll
0x00007ff8c7f40000 - 0x00007ff8c7f43000 	C:\Program Files\Java\jdk-14.0.1\bin\api-ms-win-crt-environment-l1-1-0.dll
0x00007ff8c7f10000 - 0x00007ff8c7f15000 	C:\Program Files\Java\jdk-14.0.1\bin\api-ms-win-crt-math-l1-1-0.dll
0x00007ff8c5960000 - 0x00007ff8c5963000 	C:\Program Files\Java\jdk-14.0.1\bin\api-ms-win-crt-locale-l1-1-0.dll
0x00007ff8c5750000 - 0x00007ff8c5753000 	C:\Program Files\Java\jdk-14.0.1\bin\api-ms-win-crt-heap-l1-1-0.dll
0x00007ff8cbc30000 - 0x00007ff8cbcd5000 	C:\Windows\system32\ADVAPI32.dll
0x00007ff8c3d70000 - 0x00007ff8c3fca000 	C:\Windows\WinSxS\amd64_microsoft.windows.common-controls_6595b64144ccf1df_6.0.9600.17031_none_6242a4b3ecbb55a1\COMCTL32.dll
0x00007ff8cc2d0000 - 0x00007ff8cc441000 	C:\Windows\system32\USER32.dll
0x00007ff8c6670000 - 0x00007ff8c667a000 	C:\Windows\SYSTEM32\VERSION.dll
0x00007ff8c3250000 - 0x00007ff8c3253000 	C:\Program Files\Java\jdk-14.0.1\bin\api-ms-win-crt-filesystem-l1-1-0.dll
0x00007ff8c3210000 - 0x00007ff8c3214000 	C:\Program Files\Java\jdk-14.0.1\bin\api-ms-win-crt-string-l1-1-0.dll
0x00007ff8c1de0000 - 0x00007ff8c1de4000 	C:\Program Files\Java\jdk-14.0.1\bin\api-ms-win-crt-convert-l1-1-0.dll
0x00007ff8cc450000 - 0x00007ff8cc4f7000 	C:\Windows\system32\msvcrt.dll
0x00007ff8cb650000 - 0x00007ff8cb6a7000 	C:\Windows\SYSTEM32\sechost.dll
0x00007ff8cb950000 - 0x00007ff8cba86000 	C:\Windows\system32\RPCRT4.dll
0x00007ff8cc500000 - 0x00007ff8cc645000 	C:\Windows\system32\GDI32.dll
0x00007ff8bd890000 - 0x00007ff8bd98c000 	C:\Program Files\Java\jdk-14.0.1\bin\ucrtbase.DLL
0x00007ff8cb6b0000 - 0x00007ff8cb6e4000 	C:\Windows\system32\IMM32.DLL
0x00007ff8c9f30000 - 0x00007ff8ca069000 	C:\Windows\system32\MSCTF.dll
0x00007ff8bdbe0000 - 0x00007ff8bdc7b000 	C:\Program Files\Java\jdk-14.0.1\bin\msvcp140.dll
0x00007ff8c1d30000 - 0x00007ff8c1d33000 	C:\Program Files\Java\jdk-14.0.1\bin\api-ms-win-crt-time-l1-1-0.dll
0x00007ff8c1ce0000 - 0x00007ff8c1ce3000 	C:\Program Files\Java\jdk-14.0.1\bin\api-ms-win-crt-utility-l1-1-0.dll
0x00007ff89e900000 - 0x00007ff89f41e000 	C:\Program Files\Java\jdk-14.0.1\bin\server\jvm.dll
0x00007ff8b2330000 - 0x00007ff8b2339000 	C:\Windows\SYSTEM32\WSOCK32.dll
0x00007ff8c8220000 - 0x00007ff8c823f000 	C:\Windows\SYSTEM32\WINMM.dll
0x00007ff8cc2c0000 - 0x00007ff8cc2c7000 	C:\Windows\system32\PSAPI.DLL
0x00007ff8cb870000 - 0x00007ff8cb8c8000 	C:\Windows\system32\WS2_32.dll
0x00007ff8c81f0000 - 0x00007ff8c821a000 	C:\Windows\SYSTEM32\WINMMBASE.dll
0x00007ff8cbce0000 - 0x00007ff8cbce9000 	C:\Windows\system32\NSI.dll
0x00007ff8c9af0000 - 0x00007ff8c9b3a000 	C:\Windows\SYSTEM32\cfgmgr32.dll
0x00007ff8c8840000 - 0x00007ff8c8866000 	C:\Windows\SYSTEM32\DEVOBJ.dll
0x00007ff8c17a0000 - 0x00007ff8c17aa000 	C:\Program Files\Java\jdk-14.0.1\bin\jimage.dll
0x00007ff8c7480000 - 0x00007ff8c7608000 	C:\Windows\SYSTEM32\DBGHELP.DLL
0x00007ff8c3fe0000 - 0x00007ff8c3fee000 	C:\Program Files\Java\jdk-14.0.1\bin\instrument.dll
0x00007ff8bd840000 - 0x00007ff8bd865000 	C:\Program Files\Java\jdk-14.0.1\bin\java.dll
0x00007ff8c0e30000 - 0x00007ff8c0e46000 	C:\Program Files\Java\jdk-14.0.1\bin\zip.dll
0x00007ff8ca110000 - 0x00007ff8cb527000 	C:\Windows\system32\SHELL32.dll
0x00007ff8cbcf0000 - 0x00007ff8cbec6000 	C:\Windows\SYSTEM32\combase.dll
0x00007ff8cb530000 - 0x00007ff8cb581000 	C:\Windows\system32\SHLWAPI.dll
0x00007ff8c8020000 - 0x00007ff8c80bf000 	C:\Windows\SYSTEM32\SHCORE.dll
0x00007ff8c9a20000 - 0x00007ff8c9a34000 	C:\Windows\SYSTEM32\profapi.dll
0x00007ff8bdb30000 - 0x00007ff8bdb49000 	C:\Program Files\Java\jdk-14.0.1\bin\net.dll
0x00007ff8b89c0000 - 0x00007ff8b8a85000 	C:\Windows\SYSTEM32\WINHTTP.dll
0x00007ff8c9280000 - 0x00007ff8c92d8000 	C:\Windows\system32\mswsock.dll
0x00007ff8bdaf0000 - 0x00007ff8bdb02000 	C:\Program Files\Java\jdk-14.0.1\bin\nio.dll
0x00007ff8bdbd0000 - 0x00007ff8bdbe0000 	C:\Program Files\Java\jdk-14.0.1\bin\verify.dll
0x00007ff8c3190000 - 0x00007ff8c31aa000 	C:\Program Files\JetBrains\IntelliJ IDEA Educational Edition 2020.1\bin\breakgen64.dll
0x00007ff8bd830000 - 0x00007ff8bd839000 	C:\Program Files\Java\jdk-14.0.1\bin\management.dll
0x00007ff8bd820000 - 0x00007ff8bd82b000 	C:\Program Files\Java\jdk-14.0.1\bin\management_ext.dll
0x00007ff8b1050000 - 0x00007ff8b1064000 	C:\Windows\system32\napinsp.dll
0x00007ff8b1030000 - 0x00007ff8b1049000 	C:\Windows\system32\pnrpnsp.dll
0x00007ff8c7e70000 - 0x00007ff8c7e89000 	C:\Windows\system32\NLAapi.dll
0x00007ff8c9090000 - 0x00007ff8c9133000 	C:\Windows\SYSTEM32\DNSAPI.dll
0x00007ff8aec60000 - 0x00007ff8aec6c000 	C:\Windows\System32\winrnr.dll
0x00007ff8aec40000 - 0x00007ff8aec53000 	C:\Windows\system32\wshbth.dll
0x00007ff8b2310000 - 0x00007ff8b2319000 	C:\Windows\System32\rasadhlp.dll
0x00007ff8c84d0000 - 0x00007ff8c84f9000 	C:\Windows\SYSTEM32\IPHLPAPI.DLL
0x00007ff8c99b0000 - 0x00007ff8c99ba000 	C:\Windows\SYSTEM32\WINNSI.DLL
0x00007ff8c6050000 - 0x00007ff8c60bb000 	C:\Windows\System32\fwpuclnt.dll
0x00007ff8c92e0000 - 0x00007ff8c92fe000 	C:\Windows\SYSTEM32\CRYPTSP.dll
0x00007ff8c8f20000 - 0x00007ff8c8f55000 	C:\Windows\system32\rsaenh.dll
0x00007ff8c9510000 - 0x00007ff8c9536000 	C:\Windows\SYSTEM32\bcrypt.dll
0x00007ff8c9030000 - 0x00007ff8c904f000 	C:\Windows\SYSTEM32\USERENV.dll
0x00007ff8c9890000 - 0x00007ff8c98f0000 	C:\Windows\system32\bcryptprimitives.dll
0x00007ff8c98f0000 - 0x00007ff8c98fa000 	C:\Windows\SYSTEM32\CRYPTBASE.dll
0x00007ff8c6d20000 - 0x00007ff8c6d34000 	C:\Windows\SYSTEM32\dhcpcsvc6.DLL
0x00007ff8c72e0000 - 0x00007ff8c72f9000 	C:\Windows\SYSTEM32\dhcpcsvc.DLL
0x00007ff8c57a0000 - 0x00007ff8c57c5000 	C:\Program Files\Java\jdk-14.0.1\bin\sunec.dll
0x00007ff8c8240000 - 0x00007ff8c824e000 	C:\Program Files\Java\jdk-14.0.1\bin\sunmscapi.dll
0x00007ff8c9bf0000 - 0x00007ff8c9dc7000 	C:\Windows\system32\CRYPT32.dll
0x00007ff8c94e0000 - 0x00007ff8c9504000 	C:\Windows\SYSTEM32\ncrypt.dll
0x00007ff8c9ad0000 - 0x00007ff8c9ae2000 	C:\Windows\system32\MSASN1.dll
0x00007ff8c94a0000 - 0x00007ff8c94da000 	C:\Windows\SYSTEM32\NTASN1.dll

dbghelp: loaded successfully - version: 4.0.5 - missing functions: none
symbol engine: initialized successfully - sym options: 0x614 - pdb path: .;C:\Program Files\Java\jdk-14.0.1\bin;C:\Windows\SYSTEM32;C:\Windows\WinSxS\amd64_microsoft.windows.common-controls_6595b64144ccf1df_6.0.9600.17031_none_6242a4b3ecbb55a1;C:\Program Files\Java\jdk-14.0.1\bin\server;C:\Program Files\JetBrains\IntelliJ IDEA Educational Edition 2020.1\bin

VM Arguments:
jvm_args: -javaagent:C:\Program Files\JetBrains\IntelliJ IDEA Educational Edition 2020.1\lib\idea_rt.jar=63204:C:\Program Files\JetBrains\IntelliJ IDEA Educational Edition 2020.1\bin -Dfile.encoding=UTF-8 
java_command: com.example.focourseN.FocourseNApplication
java_class_path (initial): C:\Users\Hp Pavilion g6 i3\Desktop\store\java\projects\HolyFamilyProject\focourseN\target\classes;C:\Users\Hp Pavilion g6 i3\.m2\repository\org\springframework\boot\spring-boot-starter-data-jpa\2.6.8\spring-boot-starter-data-jpa-2.6.8.jar;C:\Users\Hp Pavilion g6 i3\.m2\repository\org\springframework\boot\spring-boot-starter-aop\2.6.8\spring-boot-starter-aop-2.6.8.jar;C:\Users\Hp Pavilion g6 i3\.m2\repository\org\aspectj\aspectjweaver\1.9.7\aspectjweaver-1.9.7.jar;C:\Users\Hp Pavilion g6 i3\.m2\repository\org\springframework\boot\spring-boot-starter-jdbc\2.6.8\spring-boot-starter-jdbc-2.6.8.jar;C:\Users\Hp Pavilion g6 i3\.m2\repository\com\zaxxer\HikariCP\4.0.3\HikariCP-4.0.3.jar;C:\Users\Hp Pavilion g6 i3\.m2\repository\org\springframework\spring-jdbc\5.3.20\spring-jdbc-5.3.20.jar;C:\Users\Hp Pavilion g6 i3\.m2\repository\jakarta\transaction\jakarta.transaction-api\1.3.3\jakarta.transaction-api-1.3.3.jar;C:\Users\Hp Pavilion g6 i3\.m2\repository\jakarta\persistence\jakarta.persistence-api\2.2.3\jakarta.persistence-api-2.2.3.jar;C:\Users\Hp Pavilion g6 i3\.m2\repository\org\hibernate\hibernate-core\5.6.9.Final\hibernate-core-5.6.9.Final.jar;C:\Users\Hp Pavilion g6 i3\.m2\repository\org\jboss\logging\jboss-logging\3.4.3.Final\jboss-logging-3.4.3.Final.jar;C:\Users\Hp Pavilion g6 i3\.m2\repository\net\bytebuddy\byte-buddy\1.11.22\byte-buddy-1.11.22.jar;C:\Users\Hp Pavilion g6 i3\.m2\repository\antlr\antlr\2.7.7\antlr-2.7.7.jar;C:\Users\Hp Pavilion g6 i3\.m2\repository\org\jboss\jandex\2.4.2.Final\jandex-2.4.2.Final.jar;C:\Users\Hp Pavilion g6 i3\.m2\repository\com\fasterxml\classmate\1.5.1\classmate-1.5.1.jar;C:\Users\Hp Pavilion g6 i3\.m2\repository\org\hibernate\common\hibernate-commons-annotations\5.1.2.Final\hibernate-commons-annotations-5.1.2.Final.jar;C:\Users\Hp Pavilion g6 i3\.m2\repository\org\glassfish\jaxb\jaxb-runtime\2.3.6\jaxb-runtime-2.3.6.jar;C:\Users\Hp Pavilion g6 i3\.m2\repository\org\glassfish\jaxb\txw2\2.3.6\txw2-2.3.6.
Launcher Type: SUN_STANDARD

[Global flags]
     intx CICompilerCount                          = 3                                         {product} {ergonomic}
     uint ConcGCThreads                            = 1                                         {product} {ergonomic}
     uint G1ConcRefinementThreads                  = 4                                         {product} {ergonomic}
   size_t G1HeapRegionSize                         = 1048576                                   {product} {ergonomic}
    uintx GCDrainStackTargetSize                   = 64                                        {product} {ergonomic}
   size_t InitialHeapSize                          = 67108864                                  {product} {ergonomic}
   size_t MarkStackSize                            = 4194304                                   {product} {ergonomic}
   size_t MaxHeapSize                              = 1048576000                                {product} {ergonomic}
   size_t MaxNewSize                               = 629145600                                 {product} {ergonomic}
   size_t MinHeapDeltaBytes                        = 1048576                                   {product} {ergonomic}
   size_t MinHeapSize                              = 8388608                                   {product} {ergonomic}
    uintx NonNMethodCodeHeapSize                   = 5832780                                {pd product} {ergonomic}
    uintx NonProfiledCodeHeapSize                  = 122912730                              {pd product} {ergonomic}
    uintx ProfiledCodeHeapSize                     = 122912730                              {pd product} {ergonomic}
    uintx ReservedCodeCacheSize                    = 251658240                              {pd product} {ergonomic}
     bool SegmentedCodeCache                       = true                                      {product} {ergonomic}
   size_t SoftMaxHeapSize                          = 1048576000                             {manageable} {ergonomic}
     bool UseCompressedClassPointers               = true                                 {lp64_product} {ergonomic}
     bool UseCompressedOops                        = true                                 {lp64_product} {ergonomic}
     bool UseG1GC                                  = true                                      {product} {ergonomic}
     bool UseLargePagesIndividualAllocation        = false                                  {pd product} {ergonomic}

Logging:
Log output configuration:
 #0: stdout all=warning uptime,level,tags
 #1: stderr all=off uptime,level,tags

Environment Variables:
JAVA_HOME=C:\Program Files\Java\jdk-14.0.1
PATH=C:\Program Files\Java\jdk-14.0.1\bin;C:\Program Files\PostgreSQL\14\bin;C:\Program Files\MATLAB\R2018a\runtime\win64;C:\Program Files\MATLAB\R2018a\bin;C:\Users\Hp Pavilion g6 i3\Desktop\store\java\Gradle\gradle-7.4.1-bin\gradle-7.4.1\bin
USERNAME=Hp Pavilion g6 i3
OS=Windows_NT
PROCESSOR_IDENTIFIER=Intel64 Family 6 Model 42 Stepping 7, GenuineIntel



---------------  S Y S T E M  ---------------

OS: Windows 8.1 , 64 bit Build 9600 (6.3.9600.17031)
OS uptime: 15 days 22:55 hours

CPU:total 4 (initial active 4) (2 cores per cpu, 2 threads per core) family 6 model 42 stepping 7, cmov, cx8, fxsr, mmx, sse, sse2, sse3, ssse3, sse4.1, sse4.2, popcnt, avx, clmul, ht, tsc, tscinvbit

Memory: 4k page, system-wide physical 3996M (1009M free)
TotalPageFile size 7068M (AvailPageFile size 48M)
current process WorkingSet (physical memory assigned to process): 104M, peak: 259M
current process commit charge ("private bytes"): 252M, peak: 298M

vm_info: Java HotSpot(TM) 64-Bit Server VM (14.0.1+7) for windows-amd64 JRE (14.0.1+7), built on Mar  5 2020 10:30:14 by "mach5one" with MS VC++ 15.9 (VS2017)

END.
